[18:29:08,857],[INFO][Authenticated User]
[18:29:08,866],[INFO][Login]
[18:30:33,924],[ERROR][UnAuthenticated User]
[18:30:45,542],[ERROR][UnAuthenticated User]
[18:34:23,355],[INFO][Authenticated User]
[18:35:16,934],[ERROR][UnAuthenticated User]
[18:35:29,084],[INFO][Authenticated User]
[18:35:29,085],[ERROR][UnAuthenticated User]
[18:35:44,071],[INFO][Authenticated User]
[18:35:44,071],[ERROR][UnAuthenticated User]
[18:37:26,741],[INFO][Success]
[18:42:22,866],[INFO][Success]
[18:43:39,580],[INFO][Success]
[10:38:20,505],[INFO][Log Info :- Authenticated with JWT]
[10:39:42,503],[INFO][Success]
[10:46:48,800],[INFO][Log Info :- Microsoft.AspNetCore.Mvc.UnauthorizedResult]
[10:47:11,997],[INFO][Log Info :- Microsoft.AspNetCore.Mvc.OkObjectResult]
[10:54:31,055],[INFO][Log Info :- Unauthorized]
[10:55:14,569],[INFO][Log Info :- Authorized]
[10:56:25,468],[INFO][Log Info :- Unauthorized]
[10:56:38,732],[INFO][Log Info :- Authorized]
[10:58:31,605],[INFO][Log Info :- Unauthorized]
[10:59:26,306],[ERROR][Log Info :- Unauthorized]
[11:00:00,196],[ERROR][Log Info :- Unauthorized]
[11:00:07,897],[INFO][Log Info :- Authorized]
[11:00:37,501],[INFO][Log Info :- Authenticated with JWT]
[11:00:50,439],[INFO][Log Info :- Without Authentication]
[13:27:27,357],[ERROR][Log Info :- Unauthorized]
[13:32:53,172],[ERROR][Log Info :- Unauthorized]
[13:33:06,954],[INFO][Log Info :- Authorized]
[13:33:31,824],[INFO][Log Info :- Authenticated with JWT]
[13:33:40,513],[INFO][Log Info :- Without Authentication]
[13:34:47,714],[INFO][Log Info :- User added with Username aman]
[15:43:33,053],[ERROR][Log Info :- Unauthorized]
[15:45:38,160],[ERROR][Log Info :- Unauthorized]
[15:48:07,667],[ERROR][Log Info :- Unauthorized]
[10:15:58,905],[INFO][Log Info :- Authorized]
[10:16:41,901],[INFO][Log Info :- Without Authentication]
[10:17:39,860],[INFO][Log Info :- Authenticated with JWT]
[10:19:04,816],[INFO][Log Info :- User added with Username Aman]
[12:12:24,443],[INFO][Log Info :- Without Authentication]
[12:23:51,312],[INFO][Log Info :- Without Authentication]
[14:51:14,720],[INFO][Log Info :- Without Authentication]
[14:51:23,390],[INFO][Log Info :- Without Authentication]
[14:51:32,473],[INFO][Log Info :- Without Authentication]
[14:51:41,301],[INFO][Log Info :- Without Authentication]
[13:03:56,519],[INFO][Log Info :- Without Authentication]
[11:04:03,831],[INFO][Log Info :- Without Authentication]
[11:05:06,545],[INFO][Log Info :- Without Authentication]
